Log started at 06/02/2023 22:13:34 (2023-06-02T14:13:34Z)
Adding event matcher: CompileEventMatcher
Adding event matcher: LinkEventMatcher
Adding event matcher: MicrosoftEventMatcher
Adding event matcher: XoreaxEventMatcher
No config file at D:\Codes\UnrealEngine51\UnrealEngine\Engine\Restricted\NotForLicensees\Programs\UnrealBuildTool\BuildConfiguration.xml
No config file at D:\Documents\Unreal Engine\UnrealBuildTool\BuildConfiguration.xml
Configuration will be read from:
  D:\Codes\UnrealEngine51\UnrealEngine\Engine\Saved\UnrealBuildTool\BuildConfiguration.xml
  C:\Users\RobbingHandsFly\AppData\Roaming\Unreal Engine\UnrealBuildTool\BuildConfiguration.xml
Log file: D:\Codes\ProjectSS\Demo\Saved\Logs\UnrealVersionSelector-Win64-Shipping-2023.06.02-22.13.34.log

    Registering build platform: UnrealBuildTool.AndroidPlatformFactory
Note: Android toolchain NDK r25b recommended
        Registering build platform: Android - buildable: False
    Registering build platform: UnrealBuildTool.IOSPlatformFactory
        Registering build platform: IOS - buildable: False
    Registering build platform: UnrealBuildTool.LinuxPlatformFactory
        Registering build platform: Linux - buildable: False
        Registering build platform: LinuxArm64 - buildable: False
    Registering build platform: UnrealBuildTool.MacPlatformFactory
        Registering build platform: Mac - buildable: False
    Registering build platform: UnrealBuildTool.TVOSPlatformFactory
        Registering build platform: TVOS - buildable: False
    Registering build platform: UnrealBuildTool.WindowsPlatformFactory
Found Windows 10 SDK root at C:\Program Files (x86)\Windows Kits\10 (1)
Found Windows 10 SDK root at C:\Program Files (x86)\Windows Kits\10 (2)
Found Windows 10 SDK version 10.0.20348.0 at C:\Program Files (x86)\Windows Kits\10
Found Universal CRT version 10.0.20348.0 at C:\Program Files (x86)\Windows Kits\10
Found Windows 10 SDK version 10.0.22000.0 at C:\Program Files (x86)\Windows Kits\10
Found Universal CRT version 10.0.22000.0 at C:\Program Files (x86)\Windows Kits\10
Win64 Installed SDK(s): MinVersion_Sdk=10.0.00000.0, MaxVersion_Sdk=10.9.99999.0, CurrentVersion_Sdk=10.0.22000.0, Version_AutoSdk=10.0.18362.0, CurrentVersion_AutoSdk=
        Registering build platform: Win64 - buildable: True
    Registering build platform: UnrealBuildTool.HoloLensPlatformFactory
HoloLens Installed SDK(s): MinVersion_Sdk=10.0.00000.0, MaxVersion_Sdk=10.9.99999.0, CurrentVersion_Sdk=10.0.22000.0, Version_AutoSdk=10.0.18362.0, CurrentVersion_AutoSdk=
        Registering build platform: HoloLens - buildable: True
Log file: D:\Codes\UnrealEngine51\UnrealEngine\Engine\Programs\UnrealBuildTool\Log_GPF.txt
Deleting old log file: D:\Codes\UnrealEngine51\UnrealEngine\Engine\Programs\UnrealBuildTool\Log_GPF-backup-2023.05.30-17.38.22.txt
Resolved project argument D:/Codes/ProjectSS/Demo/Demo.uproject to D:\Codes\ProjectSS\Demo\Demo.uproject
Registering project generator UnrealBuildTool.AndroidProjectGenerator for Android
Registering project generator UnrealBuildTool.IOSProjectGenerator for IOS
Registering project generator UnrealBuildTool.LinuxProjectGenerator for Linux
Registering project generator UnrealBuildTool.LinuxProjectGenerator for LinuxArm64
Registering project generator UnrealBuildTool.MacProjectGenerator for Mac
Registering project generator UnrealBuildTool.TVOSProjectGenerator for TVOS
Registering project generator UnrealBuildTool.WindowsProjectGenerator for Win64
Registering project generator UnrealBuildTool.HoloLensProjectGenerator for HoloLens

---   SDK INFO START   ---

Some Platforms were skipped due to invalid SDK setup: Mac, IOS, Android, Linux, LinuxArm64, TVOS.
See the log file for detailed information

---   SDK INFO END   ---

Discovering modules, targets and source code for project...
Found Visual Studio installation: C:\Program Files\Microsoft Visual Studio\2022\Community (Product=Microsoft.VisualStudio.Product.Community, Version=17.6.33723.286)
Found Visual Studio toolchain: C:\Program Files\Microsoft Visual Studio\2022\Community\VC\Tools\MSVC\14.36.32532 (Family=14.36.32532, FamilyRank=2, Version=14.36.32532, Is64Bit=True, Preview=False, Architecture=x64, Error=False, Redist=C:\Program Files\Microsoft Visual Studio\2022\Community\VC\Redist\MSVC\14.36.32532)
Detected supported platforms: Win64, HoloLens, Mac, IOS, Android, Linux, LinuxArm64, TVOS
Creating project rules assembly for D:\Codes\ProjectSS\Demo\Demo.uproject...
 Found 1 Plugins:
  D:\Codes\ProjectSS\Demo\Plugins\GameTables\GameTables.uplugin
 Found 2 Modules:
  D:\Codes\ProjectSS\Demo\Source\Demo\Demo.Build.cs
  D:\Codes\ProjectSS\Demo\Plugins\GameTables\Source\GameTables\GameTables.Build.cs
Available x64 toolchains (1):
 * C:\Program Files\Microsoft Visual Studio\2022\Community\VC\Tools\MSVC\14.36.32532
    (Family=14.36.32532, FamilyRank=2, Version=14.36.32532, Is64Bit=True, Preview=False, Architecture=x64, Error=False)
Unable to find valid 14.36.32530 toolchain for VisualStudio2022 x64
BuildException: Unable to find valid 14.36.32530 toolchain for VisualStudio2022 x64
   at UnrealBuildTool.MicrosoftPlatformSDK.TryGetToolChainDir(WindowsCompiler Compiler, String CompilerVersion, WindowsArchitecture Architecture, ILogger Logger, VersionNumber& OutToolChainVersion, DirectoryReference& OutToolChainDir, DirectoryReference& OutRedistDir) in D:\Codes\UnrealEngine51\UnrealEngine\Engine\Source\Programs\UnrealBuildTool\Platform\Windows\MicrosoftPlatformSDK.cs:line 541
   at UnrealBuildTool.WindowsPlatform.TryGetToolChainDir(WindowsCompiler Compiler, String CompilerVersion, WindowsArchitecture Architecture, ILogger Logger, VersionNumber& OutToolChainVersion, DirectoryReference& OutToolChainDir, DirectoryReference& OutRedistDir) in D:\Codes\UnrealEngine51\UnrealEngine\Engine\Source\Programs\UnrealBuildTool\Platform\Windows\UEBuildWindows.cs:line 1126
   at UnrealBuildTool.VCEnvironmentParameters..ctor(WindowsCompiler Compiler, WindowsCompiler ToolChain, UnrealTargetPlatform Platform, WindowsArchitecture Architecture, String CompilerVersion, String WindowsSdkVersion, String SuppliedSdkDirectoryForVersion, Boolean bUseCPPWinRT, ILogger Logger) in D:\Codes\UnrealEngine51\UnrealEngine\Engine\Source\Programs\UnrealBuildTool\Platform\Windows\VCEnvironment.cs:line 465
   at UnrealBuildTool.VCEnvironment.Create(WindowsCompiler Compiler, WindowsCompiler ToolChain, UnrealTargetPlatform Platform, WindowsArchitecture Architecture, String CompilerVersion, String WindowsSdkVersion, String SuppliedSdkDirectoryForVersion, Boolean bUseCPPWinRT, ILogger Logger) in D:\Codes\UnrealEngine51\UnrealEngine\Engine\Source\Programs\UnrealBuildTool\Platform\Windows\VCEnvironment.cs:line 389
   at UnrealBuildTool.WindowsPlatform.CreateVCEnvironment(TargetRules Target) in D:\Codes\UnrealEngine51\UnrealEngine\Engine\Source\Programs\UnrealBuildTool\Platform\Windows\UEBuildWindows.cs:line 878
   at UnrealBuildTool.WindowsPlatform.ValidateTarget(TargetRules Target) in D:\Codes\UnrealEngine51\UnrealEngine\Engine\Source\Programs\UnrealBuildTool\Platform\Windows\UEBuildWindows.cs:line 956
   at UnrealBuildTool.RulesAssembly.CreateTargetRulesInstance(String TypeName, TargetInfo TargetInfo, ILogger Logger, Boolean IsTestTarget) in D:\Codes\UnrealEngine51\UnrealEngine\Engine\Source\Programs\UnrealBuildTool\System\RulesAssembly.cs:line 663
   at UnrealBuildTool.RulesAssembly.CreateTargetRules(String TargetName, UnrealTargetPlatform Platform, UnrealTargetConfiguration Configuration, String Architecture, FileReference ProjectFile, CommandLineArguments Arguments, ILogger Logger, Boolean IsTestTarget) in D:\Codes\UnrealEngine51\UnrealEngine\Engine\Source\Programs\UnrealBuildTool\System\RulesAssembly.cs:line 734
   at UnrealBuildTool.ProjectFileGenerator.AddProjectsForAllTargets(PlatformProjectGeneratorCollection PlatformProjectGenerators, List`1 AllGames, List`1 AllTargetFiles, String[] Arguments, ProjectFile& EngineProject, List`1 GameProjects, Dictionary`2 ProgramProjects, Dictionary`2 RulesAssemblies, ILogger Logger) in D:\Codes\UnrealEngine51\UnrealEngine\Engine\Source\Programs\UnrealBuildTool\ProjectFiles\ProjectFileGenerator.cs:line 2406
   at UnrealBuildTool.ProjectFileGenerator.GenerateProjectFiles(PlatformProjectGeneratorCollection PlatformProjectGenerators, String[] Arguments, ILogger Logger) in D:\Codes\UnrealEngine51\UnrealEngine\Engine\Source\Programs\UnrealBuildTool\ProjectFiles\ProjectFileGenerator.cs:line 898
   at UnrealBuildTool.GenerateProjectFilesMode.Execute(CommandLineArguments Arguments, ILogger Logger) in D:\Codes\UnrealEngine51\UnrealEngine\Engine\Source\Programs\UnrealBuildTool\Modes\GenerateProjectFilesMode.cs:line 233
   at UnrealBuildTool.UnrealBuildTool.Main(String[] ArgumentsArray) in D:\Codes\UnrealEngine51\UnrealEngine\Engine\Source\Programs\UnrealBuildTool\UnrealBuildTool.cs:line 648
WriteFileIfChanged() wrote 0 changed files of 0 requested writes.
Timeline:

[ 0.000]
[ 0.000](+0.467) <unknown>
[ 0.467]
